c:\users\user\desktop\daniel\github\jogo-de-dama\jogo-de-damas\debug\vc142.pdb
c:\users\user\desktop\daniel\github\jogo-de-dama\jogo-de-damas\debug\vc142.idb
c:\users\user\desktop\daniel\github\jogo-de-dama\jogo-de-damas\debug\jogodamas.obj
c:\users\user\desktop\daniel\github\jogo-de-dama\jogo-de-damas\debug\damasbiblioteca.obj
c:\users\user\desktop\daniel\github\jogo-de-dama\jogo-de-damas\debug\jogo-de-damas.exe
c:\users\user\desktop\daniel\github\jogo-de-dama\jogo-de-damas\debug\jogo-de-damas.ilk
c:\users\user\desktop\daniel\github\jogo-de-dama\jogo-de-damas\debug\jogo-de-damas.pdb
c:\users\user\desktop\daniel\github\jogo-de-dama\jogo-de-damas\debug\allegro-debug.pdb
c:\users\user\desktop\daniel\github\jogo-de-dama\jogo-de-damas\debug\allegro_acodec-debug.pdb
c:\users\user\desktop\daniel\github\jogo-de-dama\jogo-de-damas\debug\allegro_audio-debug.pdb
c:\users\user\desktop\daniel\github\jogo-de-dama\jogo-de-damas\debug\allegro_color-debug.pdb
c:\users\user\desktop\daniel\github\jogo-de-dama\jogo-de-damas\debug\allegro_dialog-debug.pdb
c:\users\user\desktop\daniel\github\jogo-de-dama\jogo-de-damas\debug\allegro_font-debug.pdb
c:\users\user\desktop\daniel\github\jogo-de-dama\jogo-de-damas\debug\allegro_image-debug.pdb
c:\users\user\desktop\daniel\github\jogo-de-dama\jogo-de-damas\debug\allegro_memfile-debug.pdb
c:\users\user\desktop\daniel\github\jogo-de-dama\jogo-de-damas\debug\allegro_physfs-debug.pdb
c:\users\user\desktop\daniel\github\jogo-de-dama\jogo-de-damas\debug\allegro_primitives-debug.pdb
c:\users\user\desktop\daniel\github\jogo-de-dama\jogo-de-damas\debug\allegro_ttf-debug.pdb
c:\users\user\desktop\daniel\github\jogo-de-dama\jogo-de-damas\debug\allegro_video-debug.pdb
c:\users\user\desktop\daniel\github\jogo-de-dama\jogo-de-damas\debug\jogo-de-damas.tlog\cl.command.1.tlog
c:\users\user\desktop\daniel\github\jogo-de-dama\jogo-de-damas\debug\jogo-de-damas.tlog\cl.read.1.tlog
c:\users\user\desktop\daniel\github\jogo-de-dama\jogo-de-damas\debug\jogo-de-damas.tlog\cl.write.1.tlog
c:\users\user\desktop\daniel\github\jogo-de-dama\jogo-de-damas\debug\jogo-de-damas.tlog\link.command.1.tlog
c:\users\user\desktop\daniel\github\jogo-de-dama\jogo-de-damas\debug\jogo-de-damas.tlog\link.read.1.tlog
c:\users\user\desktop\daniel\github\jogo-de-dama\jogo-de-damas\debug\jogo-de-damas.tlog\link.write.1.tlog
